[22/11/2022-09:58:59] Script initialized by user .
[22/11/2022-09:58:59] Importing modules...
[22/11/2022-09:58:59] Starting to extract data from Tenant...
[22/11/2022-09:58:59] Debug mode is set to False 
[22/11/2022-09:59:01] Account has Power BI admin rights... 
[22/11/2022-09:59:01] Retreiving all workspaces...
[22/11/2022-09:59:07] Exporting output to file DIM_Workspaces.csv path: /Users/agustinsackmann/Repos/BIA/Clientes/TEN/tdp-infra-as-code/powerbi/temp/output/...
[22/11/2022-09:59:07] Uploading file /Users/agustinsackmann/Repos/BIA/Clientes/TEN/tdp-infra-as-code/powerbi/temp/output/DIM_Workspaces.csv to exportpbimetadata/DIM_Workspaces.csv
[22/11/2022-09:59:09] Exporting output to file REL_UserWorkspace.csv path: /Users/agustinsackmann/Repos/BIA/Clientes/TEN/tdp-infra-as-code/powerbi/temp/output/...
[22/11/2022-09:59:09] Uploading file /Users/agustinsackmann/Repos/BIA/Clientes/TEN/tdp-infra-as-code/powerbi/temp/output/REL_UserWorkspace.csv to exportpbimetadata/REL_UserWorkspace.csv
[22/11/2022-09:59:10] Exporting output to file REL_ReportsWorkspace.csv path: /Users/agustinsackmann/Repos/BIA/Clientes/TEN/tdp-infra-as-code/powerbi/temp/output/...
[22/11/2022-09:59:10] Uploading file /Users/agustinsackmann/Repos/BIA/Clientes/TEN/tdp-infra-as-code/powerbi/temp/output/REL_ReportsWorkspace.csv to exportpbimetadata/REL_ReportsWorkspace.csv
[22/11/2022-09:59:11] File Not Found. Creating...
[22/11/2022-10:01:35] Exporting output to file REL_DashboardsWorkspace.csv path: /Users/agustinsackmann/Repos/BIA/Clientes/TEN/tdp-infra-as-code/powerbi/temp/output/...
[22/11/2022-10:01:35] Uploading file /Users/agustinsackmann/Repos/BIA/Clientes/TEN/tdp-infra-as-code/powerbi/temp/output/REL_DashboardsWorkspace.csv to exportpbimetadata/REL_DashboardsWorkspace.csv
[22/11/2022-10:01:35] File Not Found. Creating...
[22/11/2022-10:01:37] Exporting output to file REL_DatasetsWorkspace.csv path: /Users/agustinsackmann/Repos/BIA/Clientes/TEN/tdp-infra-as-code/powerbi/temp/output/...
[22/11/2022-10:01:37] Uploading file /Users/agustinsackmann/Repos/BIA/Clientes/TEN/tdp-infra-as-code/powerbi/temp/output/REL_DatasetsWorkspace.csv to exportpbimetadata/REL_DatasetsWorkspace.csv
[22/11/2022-10:01:37] File Not Found. Creating...
[22/11/2022-10:01:39] Exporting output to file DIM_Dashboards.csv path: /Users/agustinsackmann/Repos/BIA/Clientes/TEN/tdp-infra-as-code/powerbi/temp/output/...
[22/11/2022-10:01:39] Uploading file /Users/agustinsackmann/Repos/BIA/Clientes/TEN/tdp-infra-as-code/powerbi/temp/output/DIM_Dashboards.csv to exportpbimetadata/DIM_Dashboards.csv
[22/11/2022-10:01:39] File Not Found. Creating...
[22/11/2022-10:01:41] Exporting output to file DIM_Reports.csv path: /Users/agustinsackmann/Repos/BIA/Clientes/TEN/tdp-infra-as-code/powerbi/temp/output/...
[22/11/2022-10:01:41] Uploading file /Users/agustinsackmann/Repos/BIA/Clientes/TEN/tdp-infra-as-code/powerbi/temp/output/DIM_Reports.csv to exportpbimetadata/DIM_Reports.csv
[22/11/2022-10:01:41] File Not Found. Creating...
[22/11/2022-10:01:42] Exporting output to file DIM_Datasets.csv path: /Users/agustinsackmann/Repos/BIA/Clientes/TEN/tdp-infra-as-code/powerbi/temp/output/...
[22/11/2022-10:01:42] Uploading file /Users/agustinsackmann/Repos/BIA/Clientes/TEN/tdp-infra-as-code/powerbi/temp/output/DIM_Datasets.csv to exportpbimetadata/DIM_Datasets.csv
[22/11/2022-10:01:43] File Not Found. Creating...
[22/11/2022-10:01:44] GetMetadata COMPLETE...
